c:\домашки\пп\5 mpi\project1\project1\debug\vc142.pdb
c:\домашки\пп\5 mpi\project1\project1\debug\vc142.idb
c:\домашки\пп\5 mpi\project1\project1\debug\source2.obj
c:\домашки\пп\5 mpi\project1\project1\debug\source1.obj
c:\домашки\пп\5 mpi\project1\project1\debug\source.obj
c:\домашки\пп\5 mpi\project1\project1\debug\source3.obj
c:\домашки\пп\5 mpi\project1\project1\debug\source4.obj
c:\домашки\пп\5 mpi\project1\project1\debug\source7.obj
c:\домашки\пп\5 mpi\project1\project1\debug\source6.obj
c:\домашки\пп\5 mpi\project1\project1\debug\source5.obj
c:\домашки\пп\5 mpi\project1\project1\debug\source12.obj
c:\домашки\пп\5 mpi\project1\project1\debug\source11.obj
c:\домашки\пп\5 mpi\project1\project1\debug\source10.obj
c:\домашки\пп\5 mpi\project1\project1\debug\source9.obj
c:\домашки\пп\5 mpi\project1\project1\debug\source8.obj
c:\домашки\пп\5 mpi\project1\project1\debug\source13.obj
c:\домашки\пп\5 mpi\project1\project1\debug\source14.obj
c:\домашки\пп\5 mpi\project1\project1\debug\source15.obj
c:\домашки\пп\5 mpi\project1\project1\debug\source16.obj
c:\домашки\пп\5 mpi\project1\debug\project1.exe
c:\домашки\пп\5 mpi\project1\debug\project1.ilk
c:\домашки\пп\5 mpi\project1\debug\project1.pdb
c:\домашки\пп\5 mpi\project1\project1\debug\project1.tlog\cl.command.1.tlog
c:\домашки\пп\5 mpi\project1\project1\debug\project1.tlog\cl.read.1.tlog
c:\домашки\пп\5 mpi\project1\project1\debug\project1.tlog\cl.write.1.tlog
c:\домашки\пп\5 mpi\project1\project1\debug\project1.tlog\link.command.1.tlog
c:\домашки\пп\5 mpi\project1\project1\debug\project1.tlog\link.read.1.tlog
c:\домашки\пп\5 mpi\project1\project1\debug\project1.tlog\link.write.1.tlog
